<?xml version="1.0" encoding="UTF-8"?>
<coverage generated="1760311113869" clover="3.2.0">
  <project timestamp="1760311113869" name="All files">
    <metrics statements="14" coveredstatements="12" conditionals="3" coveredconditionals="1" methods="5" coveredmethods="4" elements="22" coveredelements="17" complexity="0" loc="14" ncloc="14" packages="1" files="1" classes="1"/>
    <file name="runScraper.js" path="C:\Users\omarh\Documents\GitHub\TrackMyDegree\Back-End\course-data\Scraping\Scrapers\runScraper.js">
      <metrics statements="14" coveredstatements="12" conditionals="3" coveredconditionals="1" methods="5" coveredmethods="4"/>
      <line num="1" count="1" type="stmt"/>
      <line num="6" count="2" type="stmt"/>
      <line num="7" count="2" type="stmt"/>
      <line num="9" count="2" type="stmt"/>
      <line num="10" count="2" type="stmt"/>
      <line num="12" count="2" type="stmt"/>
      <line num="13" count="2" type="stmt"/>
      <line num="16" count="2" type="stmt"/>
      <line num="17" count="0" type="stmt"/>
      <line num="20" count="2" type="stmt"/>
      <line num="21" count="2" type="cond" truecount="1" falsecount="1"/>
      <line num="22" count="2" type="stmt"/>
      <line num="24" count="0" type="stmt"/>
      <line num="30" count="1" type="stmt"/>
    </file>
  </project>
</coverage>
