{"C:\\TrackMyDegree\\Back-End\\dist\\controllers\\appUserController\\appUserController_mongo.js": {"path":"C:\\TrackMyDegree\\Back-End\\dist\\controllers\\appUserController\\appUserController_mongo.js","statementMap":{"0":{"start":{"line":11,"column":22},"end":{"line":21,"column":3}},"1":{"start":{"line":12,"column":4},"end":{"line":12,"column":33}},"2":{"start":{"line":12,"column":26},"end":{"line":12,"column":33}},"3":{"start":{"line":13,"column":15},"end":{"line":13,"column":52}},"4":{"start":{"line":14,"column":4},"end":{"line":16,"column":5}},"5":{"start":{"line":15,"column":6},"end":{"line":15,"column":68}},"6":{"start":{"line":15,"column":51},"end":{"line":15,"column":63}},"7":{"start":{"line":17,"column":4},"end":{"line":17,"column":39}},"8":{"start":{"line":19,"column":4},"end":{"line":19,"column":33}},"9":{"start":{"line":19,"column":26},"end":{"line":19,"column":33}},"10":{"start":{"line":20,"column":4},"end":{"line":20,"column":17}},"11":{"start":{"line":22,"column":25},"end":{"line":26,"column":2}},"12":{"start":{"line":23,"column":4},"end":{"line":23,"column":72}},"13":{"start":{"line":25,"column":4},"end":{"line":25,"column":21}},"14":{"start":{"line":27,"column":19},"end":{"line":43,"column":4}},"15":{"start":{"line":28,"column":18},"end":{"line":35,"column":5}},"16":{"start":{"line":29,"column":8},"end":{"line":33,"column":10}},"17":{"start":{"line":30,"column":21},"end":{"line":30,"column":23}},"18":{"start":{"line":31,"column":12},"end":{"line":31,"column":95}},"19":{"start":{"line":31,"column":29},"end":{"line":31,"column":95}},"20":{"start":{"line":31,"column":77},"end":{"line":31,"column":95}},"21":{"start":{"line":32,"column":12},"end":{"line":32,"column":22}},"22":{"start":{"line":34,"column":8},"end":{"line":34,"column":26}},"23":{"start":{"line":36,"column":4},"end":{"line":42,"column":6}},"24":{"start":{"line":37,"column":8},"end":{"line":37,"column":46}},"25":{"start":{"line":37,"column":35},"end":{"line":37,"column":46}},"26":{"start":{"line":38,"column":21},"end":{"line":38,"column":23}},"27":{"start":{"line":39,"column":8},"end":{"line":39,"column":137}},"28":{"start":{"line":39,"column":25},"end":{"line":39,"column":137}},"29":{"start":{"line":39,"column":38},"end":{"line":39,"column":50}},"30":{"start":{"line":39,"column":56},"end":{"line":39,"column":57}},"31":{"start":{"line":39,"column":78},"end":{"line":39,"column":137}},"32":{"start":{"line":39,"column":102},"end":{"line":39,"column":137}},"33":{"start":{"line":40,"column":8},"end":{"line":40,"column":40}},"34":{"start":{"line":41,"column":8},"end":{"line":41,"column":22}},"35":{"start":{"line":44,"column":16},"end":{"line":52,"column":1}},"36":{"start":{"line":45,"column":28},"end":{"line":45,"column":110}},"37":{"start":{"line":45,"column":91},"end":{"line":45,"column":106}},"38":{"start":{"line":46,"column":4},"end":{"line":51,"column":7}},"39":{"start":{"line":47,"column":36},"end":{"line":47,"column":97}},"40":{"start":{"line":47,"column":42},"end":{"line":47,"column":70}},"41":{"start":{"line":47,"column":85},"end":{"line":47,"column":95}},"42":{"start":{"line":48,"column":35},"end":{"line":48,"column":100}},"43":{"start":{"line":48,"column":41},"end":{"line":48,"column":73}},"44":{"start":{"line":48,"column":88},"end":{"line":48,"column":98}},"45":{"start":{"line":49,"column":32},"end":{"line":49,"column":116}},"46":{"start":{"line":50,"column":8},"end":{"line":50,"column":78}},"47":{"start":{"line":53,"column":22},"end":{"line":55,"column":1}},"48":{"start":{"line":54,"column":4},"end":{"line":54,"column":62}},"49":{"start":{"line":56,"column":0},"end":{"line":56,"column":62}},"50":{"start":{"line":57,"column":19},"end":{"line":57,"column":55}},"51":{"start":{"line":58,"column":15},"end":{"line":58,"column":52}},"52":{"start":{"line":59,"column":15},"end":{"line":59,"column":43}},"53":{"start":{"line":73,"column":4},"end":{"line":95,"column":7}},"54":{"start":{"line":75,"column":8},"end":{"line":77,"column":9}},"55":{"start":{"line":76,"column":12},"end":{"line":76,"column":29}},"56":{"start":{"line":78,"column":8},"end":{"line":94,"column":9}},"57":{"start":{"line":79,"column":33},"end":{"line":79,"column":63}},"58":{"start":{"line":80,"column":12},"end":{"line":82,"column":13}},"59":{"start":{"line":81,"column":16},"end":{"line":81,"column":72}},"60":{"start":{"line":83,"column":12},"end":{"line":83,"column":39}},"61":{"start":{"line":84,"column":12},"end":{"line":84,"column":45}},"62":{"start":{"line":85,"column":12},"end":{"line":85,"column":45}},"63":{"start":{"line":86,"column":12},"end":{"line":86,"column":41}},"64":{"start":{"line":87,"column":12},"end":{"line":87,"column":37}},"65":{"start":{"line":88,"column":12},"end":{"line":88,"column":38}},"66":{"start":{"line":89,"column":12},"end":{"line":89,"column":43}},"67":{"start":{"line":92,"column":12},"end":{"line":92,"column":43}},"68":{"start":{"line":93,"column":12},"end":{"line":93,"column":24}},"69":{"start":{"line":105,"column":4},"end":{"line":121,"column":7}},"70":{"start":{"line":107,"column":8},"end":{"line":109,"column":9}},"71":{"start":{"line":108,"column":12},"end":{"line":108,"column":29}},"72":{"start":{"line":110,"column":8},"end":{"line":120,"column":9}},"73":{"start":{"line":111,"column":28},"end":{"line":111,"column":67}},"74":{"start":{"line":112,"column":12},"end":{"line":114,"column":13}},"75":{"start":{"line":113,"column":16},"end":{"line":113,"column":72}},"76":{"start":{"line":115,"column":12},"end":{"line":115,"column":74}},"77":{"start":{"line":118,"column":12},"end":{"line":118,"column":43}},"78":{"start":{"line":119,"column":12},"end":{"line":119,"column":24}},"79":{"start":{"line":123,"column":26},"end":{"line":126,"column":1}},"80":{"start":{"line":127,"column":0},"end":{"line":127,"column":36}}},"fnMap":{"0":{"name":"(anonymous_0)","decl":{"start":{"line":11,"column":74},"end":{"line":11,"column":75}},"loc":{"start":{"line":11,"column":96},"end":{"line":18,"column":1}},"line":11},"1":{"name":"(anonymous_1)","decl":{"start":{"line":15,"column":38},"end":{"line":15,"column":39}},"loc":{"start":{"line":15,"column":49},"end":{"line":15,"column":65}},"line":15},"2":{"name":"(anonymous_2)","decl":{"start":{"line":18,"column":6},"end":{"line":18,"column":7}},"loc":{"start":{"line":18,"column":28},"end":{"line":21,"column":1}},"line":18},"3":{"name":"(anonymous_3)","decl":{"start":{"line":22,"column":80},"end":{"line":22,"column":81}},"loc":{"start":{"line":22,"column":95},"end":{"line":24,"column":1}},"line":22},"4":{"name":"(anonymous_4)","decl":{"start":{"line":24,"column":5},"end":{"line":24,"column":6}},"loc":{"start":{"line":24,"column":20},"end":{"line":26,"column":1}},"line":24},"5":{"name":"(anonymous_5)","decl":{"start":{"line":27,"column":51},"end":{"line":27,"column":52}},"loc":{"start":{"line":27,"column":63},"end":{"line":43,"column":1}},"line":27},"6":{"name":"(anonymous_6)","decl":{"start":{"line":28,"column":18},"end":{"line":28,"column":19}},"loc":{"start":{"line":28,"column":30},"end":{"line":35,"column":5}},"line":28},"7":{"name":"(anonymous_7)","decl":{"start":{"line":29,"column":48},"end":{"line":29,"column":49}},"loc":{"start":{"line":29,"column":61},"end":{"line":33,"column":9}},"line":29},"8":{"name":"(anonymous_8)","decl":{"start":{"line":36,"column":11},"end":{"line":36,"column":12}},"loc":{"start":{"line":36,"column":26},"end":{"line":42,"column":5}},"line":36},"9":{"name":"(anonymous_9)","decl":{"start":{"line":44,"column":44},"end":{"line":44,"column":45}},"loc":{"start":{"line":44,"column":89},"end":{"line":52,"column":1}},"line":44},"10":{"name":"adopt","decl":{"start":{"line":45,"column":13},"end":{"line":45,"column":18}},"loc":{"start":{"line":45,"column":26},"end":{"line":45,"column":112}},"line":45},"11":{"name":"(anonymous_11)","decl":{"start":{"line":45,"column":70},"end":{"line":45,"column":71}},"loc":{"start":{"line":45,"column":89},"end":{"line":45,"column":108}},"line":45},"12":{"name":"(anonymous_12)","decl":{"start":{"line":46,"column":36},"end":{"line":46,"column":37}},"loc":{"start":{"line":46,"column":63},"end":{"line":51,"column":5}},"line":46},"13":{"name":"fulfilled","decl":{"start":{"line":47,"column":17},"end":{"line":47,"column":26}},"loc":{"start":{"line":47,"column":34},"end":{"line":47,"column":99}},"line":47},"14":{"name":"rejected","decl":{"start":{"line":48,"column":17},"end":{"line":48,"column":25}},"loc":{"start":{"line":48,"column":33},"end":{"line":48,"column":102}},"line":48},"15":{"name":"step","decl":{"start":{"line":49,"column":17},"end":{"line":49,"column":21}},"loc":{"start":{"line":49,"column":30},"end":{"line":49,"column":118}},"line":49},"16":{"name":"(anonymous_16)","decl":{"start":{"line":53,"column":56},"end":{"line":53,"column":57}},"loc":{"start":{"line":53,"column":71},"end":{"line":55,"column":1}},"line":53},"17":{"name":"updateAppUser","decl":{"start":{"line":72,"column":9},"end":{"line":72,"column":22}},"loc":{"start":{"line":72,"column":68},"end":{"line":96,"column":1}},"line":72},"18":{"name":"(anonymous_18)","decl":{"start":{"line":73,"column":43},"end":{"line":73,"column":44}},"loc":{"start":{"line":73,"column":56},"end":{"line":95,"column":5}},"line":73},"19":{"name":"deleteAppUser","decl":{"start":{"line":104,"column":9},"end":{"line":104,"column":22}},"loc":{"start":{"line":104,"column":27},"end":{"line":122,"column":1}},"line":104},"20":{"name":"(anonymous_20)","decl":{"start":{"line":105,"column":43},"end":{"line":105,"column":44}},"loc":{"start":{"line":105,"column":56},"end":{"line":121,"column":5}},"line":105}},"branchMap":{"0":{"loc":{"start":{"line":11,"column":22},"end":{"line":21,"column":3}},"type":"binary-expr","locations":[{"start":{"line":11,"column":23},"end":{"line":11,"column":27}},{"start":{"line":11,"column":31},"end":{"line":11,"column":51}},{"start":{"line":11,"column":57},"end":{"line":21,"column":2}}],"line":11},"1":{"loc":{"start":{"line":11,"column":57},"end":{"line":21,"column":2}},"type":"cond-expr","locations":[{"start":{"line":11,"column":74},"end":{"line":18,"column":1}},{"start":{"line":18,"column":6},"end":{"line":21,"column":1}}],"line":11},"2":{"loc":{"start":{"line":12,"column":4},"end":{"line":12,"column":33}},"type":"if","locations":[{"start":{"line":12,"column":4},"end":{"line":12,"column":33}},{"start":{},"end":{}}],"line":12},"3":{"loc":{"start":{"line":14,"column":4},"end":{"line":16,"column":5}},"type":"if","locations":[{"start":{"line":14,"column":4},"end":{"line":16,"column":5}},{"start":{},"end":{}}],"line":14},"4":{"loc":{"start":{"line":14,"column":8},"end":{"line":14,"column":85}},"type":"binary-expr","locations":[{"start":{"line":14,"column":8},"end":{"line":14,"column":13}},{"start":{"line":14,"column":18},"end":{"line":14,"column":84}}],"line":14},"5":{"loc":{"start":{"line":14,"column":18},"end":{"line":14,"column":84}},"type":"cond-expr","locations":[{"start":{"line":14,"column":34},"end":{"line":14,"column":47}},{"start":{"line":14,"column":50},"end":{"line":14,"column":84}}],"line":14},"6":{"loc":{"start":{"line":14,"column":50},"end":{"line":14,"column":84}},"type":"binary-expr","locations":[{"start":{"line":14,"column":50},"end":{"line":14,"column":63}},{"start":{"line":14,"column":67},"end":{"line":14,"column":84}}],"line":14},"7":{"loc":{"start":{"line":19,"column":4},"end":{"line":19,"column":33}},"type":"if","locations":[{"start":{"line":19,"column":4},"end":{"line":19,"column":33}},{"start":{},"end":{}}],"line":19},"8":{"loc":{"start":{"line":22,"column":25},"end":{"line":26,"column":2}},"type":"binary-expr","locations":[{"start":{"line":22,"column":26},"end":{"line":22,"column":30}},{"start":{"line":22,"column":34},"end":{"line":22,"column":57}},{"start":{"line":22,"column":63},"end":{"line":26,"column":1}}],"line":22},"9":{"loc":{"start":{"line":22,"column":63},"end":{"line":26,"column":1}},"type":"cond-expr","locations":[{"start":{"line":22,"column":80},"end":{"line":24,"column":1}},{"start":{"line":24,"column":5},"end":{"line":26,"column":1}}],"line":22},"10":{"loc":{"start":{"line":27,"column":19},"end":{"line":43,"column":4}},"type":"binary-expr","locations":[{"start":{"line":27,"column":20},"end":{"line":27,"column":24}},{"start":{"line":27,"column":28},"end":{"line":27,"column":45}},{"start":{"line":27,"column":50},"end":{"line":43,"column":4}}],"line":27},"11":{"loc":{"start":{"line":29,"column":18},"end":{"line":33,"column":9}},"type":"binary-expr","locations":[{"start":{"line":29,"column":18},"end":{"line":29,"column":44}},{"start":{"line":29,"column":48},"end":{"line":33,"column":9}}],"line":29},"12":{"loc":{"start":{"line":31,"column":29},"end":{"line":31,"column":95}},"type":"if","locations":[{"start":{"line":31,"column":29},"end":{"line":31,"column":95}},{"start":{},"end":{}}],"line":31},"13":{"loc":{"start":{"line":37,"column":8},"end":{"line":37,"column":46}},"type":"if","locations":[{"start":{"line":37,"column":8},"end":{"line":37,"column":46}},{"start":{},"end":{}}],"line":37},"14":{"loc":{"start":{"line":37,"column":12},"end":{"line":37,"column":33}},"type":"binary-expr","locations":[{"start":{"line":37,"column":12},"end":{"line":37,"column":15}},{"start":{"line":37,"column":19},"end":{"line":37,"column":33}}],"line":37},"15":{"loc":{"start":{"line":39,"column":8},"end":{"line":39,"column":137}},"type":"if","locations":[{"start":{"line":39,"column":8},"end":{"line":39,"column":137}},{"start":{},"end":{}}],"line":39},"16":{"loc":{"start":{"line":39,"column":78},"end":{"line":39,"column":137}},"type":"if","locations":[{"start":{"line":39,"column":78},"end":{"line":39,"column":137}},{"start":{},"end":{}}],"line":39},"17":{"loc":{"start":{"line":44,"column":16},"end":{"line":52,"column":1}},"type":"binary-expr","locations":[{"start":{"line":44,"column":17},"end":{"line":44,"column":21}},{"start":{"line":44,"column":25},"end":{"line":44,"column":39}},{"start":{"line":44,"column":44},"end":{"line":52,"column":1}}],"line":44},"18":{"loc":{"start":{"line":45,"column":35},"end":{"line":45,"column":109}},"type":"cond-expr","locations":[{"start":{"line":45,"column":56},"end":{"line":45,"column":61}},{"start":{"line":45,"column":64},"end":{"line":45,"column":109}}],"line":45},"19":{"loc":{"start":{"line":46,"column":16},"end":{"line":46,"column":34}},"type":"binary-expr","locations":[{"start":{"line":46,"column":16},"end":{"line":46,"column":17}},{"start":{"line":46,"column":22},"end":{"line":46,"column":33}}],"line":46},"20":{"loc":{"start":{"line":49,"column":32},"end":{"line":49,"column":115}},"type":"cond-expr","locations":[{"start":{"line":49,"column":46},"end":{"line":49,"column":67}},{"start":{"line":49,"column":70},"end":{"line":49,"column":115}}],"line":49},"21":{"loc":{"start":{"line":50,"column":51},"end":{"line":50,"column":67}},"type":"binary-expr","locations":[{"start":{"line":50,"column":51},"end":{"line":50,"column":61}},{"start":{"line":50,"column":65},"end":{"line":50,"column":67}}],"line":50},"22":{"loc":{"start":{"line":53,"column":22},"end":{"line":55,"column":1}},"type":"binary-expr","locations":[{"start":{"line":53,"column":23},"end":{"line":53,"column":27}},{"start":{"line":53,"column":31},"end":{"line":53,"column":51}},{"start":{"line":53,"column":56},"end":{"line":55,"column":1}}],"line":53},"23":{"loc":{"start":{"line":54,"column":11},"end":{"line":54,"column":61}},"type":"cond-expr","locations":[{"start":{"line":54,"column":37},"end":{"line":54,"column":40}},{"start":{"line":54,"column":43},"end":{"line":54,"column":61}}],"line":54},"24":{"loc":{"start":{"line":54,"column":12},"end":{"line":54,"column":33}},"type":"binary-expr","locations":[{"start":{"line":54,"column":12},"end":{"line":54,"column":15}},{"start":{"line":54,"column":19},"end":{"line":54,"column":33}}],"line":54},"25":{"loc":{"start":{"line":75,"column":8},"end":{"line":77,"column":9}},"type":"if","locations":[{"start":{"line":75,"column":8},"end":{"line":77,"column":9}},{"start":{},"end":{}}],"line":75},"26":{"loc":{"start":{"line":80,"column":12},"end":{"line":82,"column":13}},"type":"if","locations":[{"start":{"line":80,"column":12},"end":{"line":82,"column":13}},{"start":{},"end":{}}],"line":80},"27":{"loc":{"start":{"line":107,"column":8},"end":{"line":109,"column":9}},"type":"if","locations":[{"start":{"line":107,"column":8},"end":{"line":109,"column":9}},{"start":{},"end":{}}],"line":107},"28":{"loc":{"start":{"line":112,"column":12},"end":{"line":114,"column":13}},"type":"if","locations":[{"start":{"line":112,"column":12},"end":{"line":114,"column":13}},{"start":{},"end":{}}],"line":112}},"s":{"0":1,"1":156,"2":156,"3":156,"4":156,"5":156,"6":2,"7":156,"8":0,"9":0,"10":0,"11":1,"12":1,"13":0,"14":1,"15":1,"16":1,"17":0,"18":0,"19":0,"20":0,"21":0,"22":1,"23":1,"24":1,"25":0,"26":1,"27":1,"28":1,"29":1,"30":1,"31":156,"32":156,"33":1,"34":1,"35":1,"36":5,"37":4,"38":6,"39":5,"40":5,"41":2,"42":0,"43":0,"44":0,"45":9,"46":6,"47":1,"48":1,"49":1,"50":1,"51":1,"52":1,"53":3,"54":3,"55":1,"56":2,"57":2,"58":2,"59":1,"60":1,"61":1,"62":1,"63":1,"64":1,"65":1,"66":1,"67":1,"68":1,"69":3,"70":3,"71":1,"72":2,"73":2,"74":2,"75":1,"76":1,"77":1,"78":1,"79":1,"80":1},"f":{"0":156,"1":2,"2":0,"3":1,"4":0,"5":1,"6":1,"7":0,"8":1,"9":6,"10":5,"11":4,"12":6,"13":5,"14":0,"15":9,"16":1,"17":3,"18":3,"19":3,"20":3},"b":{"0":[1,1,1],"1":[1,0],"2":[156,0],"3":[156,0],"4":[156,156],"5":[0,156],"6":[156,0],"7":[0,0],"8":[1,1,1],"9":[1,0],"10":[1,1,1],"11":[1,0],"12":[0,0],"13":[0,1],"14":[1,1],"15":[1,0],"16":[156,0],"17":[1,1,1],"18":[1,4],"19":[6,6],"20":[4,5],"21":[6,6],"22":[1,1,1],"23":[0,1],"24":[1,1],"25":[1,2],"26":[1,1],"27":[1,2],"28":[1,1]},"_coverageSchema":"1a1c01bbd47fc00a2c39e90264f33305004495a9","hash":"e9a19ee33d98e7c67fbf05661e2abb06d7513e8c"}
,"C:\\TrackMyDegree\\Back-End\\dist\\models\\User.js": {"path":"C:\\TrackMyDegree\\Back-End\\dist\\models\\User.js","statementMap":{"0":{"start":{"line":2,"column":0},"end":{"line":2,"column":62}},"1":{"start":{"line":3,"column":0},"end":{"line":3,"column":22}},"2":{"start":{"line":4,"column":19},"end":{"line":4,"column":38}},"3":{"start":{"line":5,"column":25},"end":{"line":8,"column":2}},"4":{"start":{"line":9,"column":19},"end":{"line":20,"column":2}},"5":{"start":{"line":21,"column":0},"end":{"line":21,"column":57}}},"fnMap":{},"branchMap":{},"s":{"0":1,"1":1,"2":1,"3":1,"4":1,"5":1},"f":{},"b":{},"_coverageSchema":"1a1c01bbd47fc00a2c39e90264f33305004495a9","hash":"f7de65fcefe89713df60273f1bbdf0122fea077d"}
}
