{"/home/eibhyas/Documents/ppp/TrackMyDegree/Back-End/dist/Util/DB_Ops.js": {"path":"/home/eibhyas/Documents/ppp/TrackMyDegree/Back-End/dist/Util/DB_Ops.js","statementMap":{"0":{"start":{"line":3,"column":0},"end":{"line":3,"column":62}},"1":{"start":{"line":5,"column":0},"end":{"line":9,"column":28}},"2":{"start":{"line":6,"column":4},"end":{"line":6,"column":46}},"3":{"start":{"line":7,"column":4},"end":{"line":7,"column":50}},"4":{"start":{"line":8,"column":4},"end":{"line":8,"column":46}},"5":{"start":{"line":12,"column":0},"end":{"line":12,"column":25}}},"fnMap":{"0":{"name":"(anonymous_0)","decl":{"start":{"line":5,"column":1},"end":{"line":5,"column":2}},"loc":{"start":{"line":5,"column":19},"end":{"line":9,"column":1}},"line":5}},"branchMap":{"0":{"loc":{"start":{"line":9,"column":3},"end":{"line":9,"column":26}},"type":"binary-expr","locations":[{"start":{"line":9,"column":3},"end":{"line":9,"column":9}},{"start":{"line":9,"column":14},"end":{"line":9,"column":25}}],"line":9}},"s":{"0":1,"1":1,"2":1,"3":1,"4":1,"5":1},"f":{"0":1},"b":{"0":[1,1]},"_coverageSchema":"1a1c01bbd47fc00a2c39e90264f33305004495a9","hash":"cfe2b214592d96957dc8aac3ceeca89e8892c414"}
,"/home/eibhyas/Documents/ppp/TrackMyDegree/Back-End/dist/controllers/CourseXCPController/CourseXCPController_mongoose.js": {"path":"/home/eibhyas/Documents/ppp/TrackMyDegree/Back-End/dist/controllers/CourseXCPController/CourseXCPController_mongoose.js","statementMap":{"0":{"start":{"line":11,"column":22},"end":{"line":21,"column":3}},"1":{"start":{"line":12,"column":4},"end":{"line":12,"column":33}},"2":{"start":{"line":12,"column":26},"end":{"line":12,"column":33}},"3":{"start":{"line":13,"column":15},"end":{"line":13,"column":52}},"4":{"start":{"line":14,"column":4},"end":{"line":16,"column":5}},"5":{"start":{"line":15,"column":6},"end":{"line":15,"column":68}},"6":{"start":{"line":15,"column":51},"end":{"line":15,"column":63}},"7":{"start":{"line":17,"column":4},"end":{"line":17,"column":39}},"8":{"start":{"line":19,"column":4},"end":{"line":19,"column":33}},"9":{"start":{"line":19,"column":26},"end":{"line":19,"column":33}},"10":{"start":{"line":20,"column":4},"end":{"line":20,"column":17}},"11":{"start":{"line":22,"column":25},"end":{"line":26,"column":2}},"12":{"start":{"line":23,"column":4},"end":{"line":23,"column":72}},"13":{"start":{"line":25,"column":4},"end":{"line":25,"column":21}},"14":{"start":{"line":27,"column":19},"end":{"line":43,"column":4}},"15":{"start":{"line":28,"column":18},"end":{"line":35,"column":5}},"16":{"start":{"line":29,"column":8},"end":{"line":33,"column":10}},"17":{"start":{"line":30,"column":21},"end":{"line":30,"column":23}},"18":{"start":{"line":31,"column":12},"end":{"line":31,"column":95}},"19":{"start":{"line":31,"column":29},"end":{"line":31,"column":95}},"20":{"start":{"line":31,"column":77},"end":{"line":31,"column":95}},"21":{"start":{"line":32,"column":12},"end":{"line":32,"column":22}},"22":{"start":{"line":34,"column":8},"end":{"line":34,"column":26}},"23":{"start":{"line":36,"column":4},"end":{"line":42,"column":6}},"24":{"start":{"line":37,"column":8},"end":{"line":37,"column":46}},"25":{"start":{"line":37,"column":35},"end":{"line":37,"column":46}},"26":{"start":{"line":38,"column":21},"end":{"line":38,"column":23}},"27":{"start":{"line":39,"column":8},"end":{"line":39,"column":137}},"28":{"start":{"line":39,"column":25},"end":{"line":39,"column":137}},"29":{"start":{"line":39,"column":38},"end":{"line":39,"column":50}},"30":{"start":{"line":39,"column":56},"end":{"line":39,"column":57}},"31":{"start":{"line":39,"column":78},"end":{"line":39,"column":137}},"32":{"start":{"line":39,"column":102},"end":{"line":39,"column":137}},"33":{"start":{"line":40,"column":8},"end":{"line":40,"column":40}},"34":{"start":{"line":41,"column":8},"end":{"line":41,"column":22}},"35":{"start":{"line":44,"column":16},"end":{"line":52,"column":1}},"36":{"start":{"line":45,"column":28},"end":{"line":45,"column":110}},"37":{"start":{"line":45,"column":91},"end":{"line":45,"column":106}},"38":{"start":{"line":46,"column":4},"end":{"line":51,"column":7}},"39":{"start":{"line":47,"column":36},"end":{"line":47,"column":97}},"40":{"start":{"line":47,"column":42},"end":{"line":47,"column":70}},"41":{"start":{"line":47,"column":85},"end":{"line":47,"column":95}},"42":{"start":{"line":48,"column":35},"end":{"line":48,"column":100}},"43":{"start":{"line":48,"column":41},"end":{"line":48,"column":73}},"44":{"start":{"line":48,"column":88},"end":{"line":48,"column":98}},"45":{"start":{"line":49,"column":32},"end":{"line":49,"column":116}},"46":{"start":{"line":50,"column":8},"end":{"line":50,"column":78}},"47":{"start":{"line":53,"column":22},"end":{"line":55,"column":1}},"48":{"start":{"line":54,"column":4},"end":{"line":54,"column":62}},"49":{"start":{"line":56,"column":0},"end":{"line":56,"column":62}},"50":{"start":{"line":57,"column":17},"end":{"line":57,"column":47}},"51":{"start":{"line":58,"column":17},"end":{"line":58,"column":62}},"52":{"start":{"line":59,"column":15},"end":{"line":59,"column":52}},"53":{"start":{"line":60,"column":12},"end":{"line":60,"column":23}},"54":{"start":{"line":65,"column":4},"end":{"line":89,"column":7}},"55":{"start":{"line":66,"column":8},"end":{"line":88,"column":9}},"56":{"start":{"line":67,"column":50},"end":{"line":67,"column":60}},"57":{"start":{"line":68,"column":27},"end":{"line":68,"column":93}},"58":{"start":{"line":69,"column":12},"end":{"line":73,"column":13}},"59":{"start":{"line":70,"column":16},"end":{"line":70,"column":62}},"60":{"start":{"line":71,"column":16},"end":{"line":71,"column":80}},"61":{"start":{"line":72,"column":16},"end":{"line":72,"column":50}},"62":{"start":{"line":74,"column":31},"end":{"line":74,"column":89}},"63":{"start":{"line":74,"column":63},"end":{"line":74,"column":88}},"64":{"start":{"line":75,"column":12},"end":{"line":82,"column":13}},"65":{"start":{"line":76,"column":16},"end":{"line":76,"column":52}},"66":{"start":{"line":77,"column":16},"end":{"line":77,"column":36}},"67":{"start":{"line":78,"column":16},"end":{"line":78,"column":48}},"68":{"start":{"line":81,"column":16},"end":{"line":81,"column":50}},"69":{"start":{"line":85,"column":12},"end":{"line":85,"column":43}},"70":{"start":{"line":86,"column":12},"end":{"line":86,"column":64}},"71":{"start":{"line":87,"column":12},"end":{"line":87,"column":44}},"72":{"start":{"line":95,"column":4},"end":{"line":117,"column":7}},"73":{"start":{"line":96,"column":8},"end":{"line":116,"column":9}},"74":{"start":{"line":97,"column":27},"end":{"line":97,"column":93}},"75":{"start":{"line":98,"column":12},"end":{"line":100,"column":13}},"76":{"start":{"line":99,"column":16},"end":{"line":99,"column":44}},"77":{"start":{"line":101,"column":31},"end":{"line":101,"column":89}},"78":{"start":{"line":101,"column":63},"end":{"line":101,"column":88}},"79":{"start":{"line":102,"column":26},"end":{"line":102,"column":28}},"80":{"start":{"line":103,"column":12},"end":{"line":107,"column":13}},"81":{"start":{"line":104,"column":16},"end":{"line":106,"column":17}},"82":{"start":{"line":104,"column":29},"end":{"line":104,"column":30}},"83":{"start":{"line":105,"column":20},"end":{"line":105,"column":54}},"84":{"start":{"line":108,"column":12},"end":{"line":110,"column":14}},"85":{"start":{"line":113,"column":12},"end":{"line":113,"column":43}},"86":{"start":{"line":114,"column":12},"end":{"line":114,"column":84}},"87":{"start":{"line":115,"column":12},"end":{"line":115,"column":29}},"88":{"start":{"line":123,"column":4},"end":{"line":146,"column":7}},"89":{"start":{"line":124,"column":8},"end":{"line":145,"column":9}},"90":{"start":{"line":125,"column":50},"end":{"line":125,"column":63}},"91":{"start":{"line":126,"column":27},"end":{"line":126,"column":93}},"92":{"start":{"line":127,"column":12},"end":{"line":127,"column":32}},"93":{"start":{"line":128,"column":12},"end":{"line":130,"column":13}},"94":{"start":{"line":129,"column":16},"end":{"line":129,"column":50}},"95":{"start":{"line":131,"column":31},"end":{"line":131,"column":89}},"96":{"start":{"line":131,"column":63},"end":{"line":131,"column":88}},"97":{"start":{"line":132,"column":12},"end":{"line":139,"column":13}},"98":{"start":{"line":133,"column":16},"end":{"line":133,"column":52}},"99":{"start":{"line":134,"column":16},"end":{"line":134,"column":36}},"100":{"start":{"line":135,"column":16},"end":{"line":135,"column":48}},"101":{"start":{"line":138,"column":16},"end":{"line":138,"column":50}},"102":{"start":{"line":142,"column":12},"end":{"line":142,"column":43}},"103":{"start":{"line":143,"column":12},"end":{"line":143,"column":69}},"104":{"start":{"line":144,"column":12},"end":{"line":144,"column":44}},"105":{"start":{"line":152,"column":4},"end":{"line":176,"column":7}},"106":{"start":{"line":153,"column":8},"end":{"line":175,"column":9}},"107":{"start":{"line":154,"column":50},"end":{"line":154,"column":63}},"108":{"start":{"line":155,"column":27},"end":{"line":155,"column":93}},"109":{"start":{"line":156,"column":12},"end":{"line":158,"column":13}},"110":{"start":{"line":157,"column":16},"end":{"line":157,"column":50}},"111":{"start":{"line":159,"column":31},"end":{"line":159,"column":89}},"112":{"start":{"line":159,"column":63},"end":{"line":159,"column":88}},"113":{"start":{"line":160,"column":32},"end":{"line":160,"column":126}},"114":{"start":{"line":161,"column":12},"end":{"line":161,"column":37}},"115":{"start":{"line":162,"column":12},"end":{"line":169,"column":13}},"116":{"start":{"line":163,"column":16},"end":{"line":163,"column":58}},"117":{"start":{"line":164,"column":16},"end":{"line":164,"column":36}},"118":{"start":{"line":165,"column":16},"end":{"line":165,"column":48}},"119":{"start":{"line":168,"column":16},"end":{"line":168,"column":50}},"120":{"start":{"line":172,"column":12},"end":{"line":172,"column":43}},"121":{"start":{"line":173,"column":12},"end":{"line":173,"column":69}},"122":{"start":{"line":174,"column":12},"end":{"line":174,"column":44}},"123":{"start":{"line":178,"column":28},"end":{"line":183,"column":1}},"124":{"start":{"line":184,"column":0},"end":{"line":184,"column":38}}},"fnMap":{"0":{"name":"(anonymous_0)","decl":{"start":{"line":11,"column":74},"end":{"line":11,"column":75}},"loc":{"start":{"line":11,"column":96},"end":{"line":18,"column":1}},"line":11},"1":{"name":"(anonymous_1)","decl":{"start":{"line":15,"column":38},"end":{"line":15,"column":39}},"loc":{"start":{"line":15,"column":49},"end":{"line":15,"column":65}},"line":15},"2":{"name":"(anonymous_2)","decl":{"start":{"line":18,"column":6},"end":{"line":18,"column":7}},"loc":{"start":{"line":18,"column":28},"end":{"line":21,"column":1}},"line":18},"3":{"name":"(anonymous_3)","decl":{"start":{"line":22,"column":80},"end":{"line":22,"column":81}},"loc":{"start":{"line":22,"column":95},"end":{"line":24,"column":1}},"line":22},"4":{"name":"(anonymous_4)","decl":{"start":{"line":24,"column":5},"end":{"line":24,"column":6}},"loc":{"start":{"line":24,"column":20},"end":{"line":26,"column":1}},"line":24},"5":{"name":"(anonymous_5)","decl":{"start":{"line":27,"column":51},"end":{"line":27,"column":52}},"loc":{"start":{"line":27,"column":63},"end":{"line":43,"column":1}},"line":27},"6":{"name":"(anonymous_6)","decl":{"start":{"line":28,"column":18},"end":{"line":28,"column":19}},"loc":{"start":{"line":28,"column":30},"end":{"line":35,"column":5}},"line":28},"7":{"name":"(anonymous_7)","decl":{"start":{"line":29,"column":48},"end":{"line":29,"column":49}},"loc":{"start":{"line":29,"column":61},"end":{"line":33,"column":9}},"line":29},"8":{"name":"(anonymous_8)","decl":{"start":{"line":36,"column":11},"end":{"line":36,"column":12}},"loc":{"start":{"line":36,"column":26},"end":{"line":42,"column":5}},"line":36},"9":{"name":"(anonymous_9)","decl":{"start":{"line":44,"column":44},"end":{"line":44,"column":45}},"loc":{"start":{"line":44,"column":89},"end":{"line":52,"column":1}},"line":44},"10":{"name":"adopt","decl":{"start":{"line":45,"column":13},"end":{"line":45,"column":18}},"loc":{"start":{"line":45,"column":26},"end":{"line":45,"column":112}},"line":45},"11":{"name":"(anonymous_11)","decl":{"start":{"line":45,"column":70},"end":{"line":45,"column":71}},"loc":{"start":{"line":45,"column":89},"end":{"line":45,"column":108}},"line":45},"12":{"name":"(anonymous_12)","decl":{"start":{"line":46,"column":36},"end":{"line":46,"column":37}},"loc":{"start":{"line":46,"column":63},"end":{"line":51,"column":5}},"line":46},"13":{"name":"fulfilled","decl":{"start":{"line":47,"column":17},"end":{"line":47,"column":26}},"loc":{"start":{"line":47,"column":34},"end":{"line":47,"column":99}},"line":47},"14":{"name":"rejected","decl":{"start":{"line":48,"column":17},"end":{"line":48,"column":25}},"loc":{"start":{"line":48,"column":33},"end":{"line":48,"column":102}},"line":48},"15":{"name":"step","decl":{"start":{"line":49,"column":17},"end":{"line":49,"column":21}},"loc":{"start":{"line":49,"column":30},"end":{"line":49,"column":118}},"line":49},"16":{"name":"(anonymous_16)","decl":{"start":{"line":53,"column":56},"end":{"line":53,"column":57}},"loc":{"start":{"line":53,"column":71},"end":{"line":55,"column":1}},"line":53},"17":{"name":"createCourseXCP","decl":{"start":{"line":64,"column":9},"end":{"line":64,"column":24}},"loc":{"start":{"line":64,"column":37},"end":{"line":90,"column":1}},"line":64},"18":{"name":"(anonymous_18)","decl":{"start":{"line":65,"column":43},"end":{"line":65,"column":44}},"loc":{"start":{"line":65,"column":56},"end":{"line":89,"column":5}},"line":65},"19":{"name":"(anonymous_19)","decl":{"start":{"line":74,"column":55},"end":{"line":74,"column":56}},"loc":{"start":{"line":74,"column":63},"end":{"line":74,"column":88}},"line":74},"20":{"name":"getAllCourseXCP","decl":{"start":{"line":94,"column":9},"end":{"line":94,"column":24}},"loc":{"start":{"line":94,"column":40},"end":{"line":118,"column":1}},"line":94},"21":{"name":"(anonymous_21)","decl":{"start":{"line":95,"column":43},"end":{"line":95,"column":44}},"loc":{"start":{"line":95,"column":56},"end":{"line":117,"column":5}},"line":95},"22":{"name":"(anonymous_22)","decl":{"start":{"line":101,"column":55},"end":{"line":101,"column":56}},"loc":{"start":{"line":101,"column":63},"end":{"line":101,"column":88}},"line":101},"23":{"name":"updateCourseXCP","decl":{"start":{"line":122,"column":9},"end":{"line":122,"column":24}},"loc":{"start":{"line":122,"column":40},"end":{"line":147,"column":1}},"line":122},"24":{"name":"(anonymous_24)","decl":{"start":{"line":123,"column":43},"end":{"line":123,"column":44}},"loc":{"start":{"line":123,"column":56},"end":{"line":146,"column":5}},"line":123},"25":{"name":"(anonymous_25)","decl":{"start":{"line":131,"column":55},"end":{"line":131,"column":56}},"loc":{"start":{"line":131,"column":63},"end":{"line":131,"column":88}},"line":131},"26":{"name":"removeDegreeXCP","decl":{"start":{"line":151,"column":9},"end":{"line":151,"column":24}},"loc":{"start":{"line":151,"column":40},"end":{"line":177,"column":1}},"line":151},"27":{"name":"(anonymous_27)","decl":{"start":{"line":152,"column":43},"end":{"line":152,"column":44}},"loc":{"start":{"line":152,"column":56},"end":{"line":176,"column":5}},"line":152},"28":{"name":"(anonymous_28)","decl":{"start":{"line":159,"column":55},"end":{"line":159,"column":56}},"loc":{"start":{"line":159,"column":63},"end":{"line":159,"column":88}},"line":159}},"branchMap":{"0":{"loc":{"start":{"line":11,"column":22},"end":{"line":21,"column":3}},"type":"binary-expr","locations":[{"start":{"line":11,"column":23},"end":{"line":11,"column":27}},{"start":{"line":11,"column":31},"end":{"line":11,"column":51}},{"start":{"line":11,"column":57},"end":{"line":21,"column":2}}],"line":11},"1":{"loc":{"start":{"line":11,"column":57},"end":{"line":21,"column":2}},"type":"cond-expr","locations":[{"start":{"line":11,"column":74},"end":{"line":18,"column":1}},{"start":{"line":18,"column":6},"end":{"line":21,"column":1}}],"line":11},"2":{"loc":{"start":{"line":12,"column":4},"end":{"line":12,"column":33}},"type":"if","locations":[{"start":{"line":12,"column":4},"end":{"line":12,"column":33}},{"start":{},"end":{}}],"line":12},"3":{"loc":{"start":{"line":14,"column":4},"end":{"line":16,"column":5}},"type":"if","locations":[{"start":{"line":14,"column":4},"end":{"line":16,"column":5}},{"start":{},"end":{}}],"line":14},"4":{"loc":{"start":{"line":14,"column":8},"end":{"line":14,"column":85}},"type":"binary-expr","locations":[{"start":{"line":14,"column":8},"end":{"line":14,"column":13}},{"start":{"line":14,"column":18},"end":{"line":14,"column":84}}],"line":14},"5":{"loc":{"start":{"line":14,"column":18},"end":{"line":14,"column":84}},"type":"cond-expr","locations":[{"start":{"line":14,"column":34},"end":{"line":14,"column":47}},{"start":{"line":14,"column":50},"end":{"line":14,"column":84}}],"line":14},"6":{"loc":{"start":{"line":14,"column":50},"end":{"line":14,"column":84}},"type":"binary-expr","locations":[{"start":{"line":14,"column":50},"end":{"line":14,"column":63}},{"start":{"line":14,"column":67},"end":{"line":14,"column":84}}],"line":14},"7":{"loc":{"start":{"line":19,"column":4},"end":{"line":19,"column":33}},"type":"if","locations":[{"start":{"line":19,"column":4},"end":{"line":19,"column":33}},{"start":{},"end":{}}],"line":19},"8":{"loc":{"start":{"line":22,"column":25},"end":{"line":26,"column":2}},"type":"binary-expr","locations":[{"start":{"line":22,"column":26},"end":{"line":22,"column":30}},{"start":{"line":22,"column":34},"end":{"line":22,"column":57}},{"start":{"line":22,"column":63},"end":{"line":26,"column":1}}],"line":22},"9":{"loc":{"start":{"line":22,"column":63},"end":{"line":26,"column":1}},"type":"cond-expr","locations":[{"start":{"line":22,"column":80},"end":{"line":24,"column":1}},{"start":{"line":24,"column":5},"end":{"line":26,"column":1}}],"line":22},"10":{"loc":{"start":{"line":27,"column":19},"end":{"line":43,"column":4}},"type":"binary-expr","locations":[{"start":{"line":27,"column":20},"end":{"line":27,"column":24}},{"start":{"line":27,"column":28},"end":{"line":27,"column":45}},{"start":{"line":27,"column":50},"end":{"line":43,"column":4}}],"line":27},"11":{"loc":{"start":{"line":29,"column":18},"end":{"line":33,"column":9}},"type":"binary-expr","locations":[{"start":{"line":29,"column":18},"end":{"line":29,"column":44}},{"start":{"line":29,"column":48},"end":{"line":33,"column":9}}],"line":29},"12":{"loc":{"start":{"line":31,"column":29},"end":{"line":31,"column":95}},"type":"if","locations":[{"start":{"line":31,"column":29},"end":{"line":31,"column":95}},{"start":{},"end":{}}],"line":31},"13":{"loc":{"start":{"line":37,"column":8},"end":{"line":37,"column":46}},"type":"if","locations":[{"start":{"line":37,"column":8},"end":{"line":37,"column":46}},{"start":{},"end":{}}],"line":37},"14":{"loc":{"start":{"line":37,"column":12},"end":{"line":37,"column":33}},"type":"binary-expr","locations":[{"start":{"line":37,"column":12},"end":{"line":37,"column":15}},{"start":{"line":37,"column":19},"end":{"line":37,"column":33}}],"line":37},"15":{"loc":{"start":{"line":39,"column":8},"end":{"line":39,"column":137}},"type":"if","locations":[{"start":{"line":39,"column":8},"end":{"line":39,"column":137}},{"start":{},"end":{}}],"line":39},"16":{"loc":{"start":{"line":39,"column":78},"end":{"line":39,"column":137}},"type":"if","locations":[{"start":{"line":39,"column":78},"end":{"line":39,"column":137}},{"start":{},"end":{}}],"line":39},"17":{"loc":{"start":{"line":44,"column":16},"end":{"line":52,"column":1}},"type":"binary-expr","locations":[{"start":{"line":44,"column":17},"end":{"line":44,"column":21}},{"start":{"line":44,"column":25},"end":{"line":44,"column":39}},{"start":{"line":44,"column":44},"end":{"line":52,"column":1}}],"line":44},"18":{"loc":{"start":{"line":45,"column":35},"end":{"line":45,"column":109}},"type":"cond-expr","locations":[{"start":{"line":45,"column":56},"end":{"line":45,"column":61}},{"start":{"line":45,"column":64},"end":{"line":45,"column":109}}],"line":45},"19":{"loc":{"start":{"line":46,"column":16},"end":{"line":46,"column":34}},"type":"binary-expr","locations":[{"start":{"line":46,"column":16},"end":{"line":46,"column":17}},{"start":{"line":46,"column":22},"end":{"line":46,"column":33}}],"line":46},"20":{"loc":{"start":{"line":49,"column":32},"end":{"line":49,"column":115}},"type":"cond-expr","locations":[{"start":{"line":49,"column":46},"end":{"line":49,"column":67}},{"start":{"line":49,"column":70},"end":{"line":49,"column":115}}],"line":49},"21":{"loc":{"start":{"line":50,"column":51},"end":{"line":50,"column":67}},"type":"binary-expr","locations":[{"start":{"line":50,"column":51},"end":{"line":50,"column":61}},{"start":{"line":50,"column":65},"end":{"line":50,"column":67}}],"line":50},"22":{"loc":{"start":{"line":53,"column":22},"end":{"line":55,"column":1}},"type":"binary-expr","locations":[{"start":{"line":53,"column":23},"end":{"line":53,"column":27}},{"start":{"line":53,"column":31},"end":{"line":53,"column":51}},{"start":{"line":53,"column":56},"end":{"line":55,"column":1}}],"line":53},"23":{"loc":{"start":{"line":54,"column":11},"end":{"line":54,"column":61}},"type":"cond-expr","locations":[{"start":{"line":54,"column":37},"end":{"line":54,"column":40}},{"start":{"line":54,"column":43},"end":{"line":54,"column":61}}],"line":54},"24":{"loc":{"start":{"line":54,"column":12},"end":{"line":54,"column":33}},"type":"binary-expr","locations":[{"start":{"line":54,"column":12},"end":{"line":54,"column":15}},{"start":{"line":54,"column":19},"end":{"line":54,"column":33}}],"line":54},"25":{"loc":{"start":{"line":69,"column":12},"end":{"line":73,"column":13}},"type":"if","locations":[{"start":{"line":69,"column":12},"end":{"line":73,"column":13}},{"start":{},"end":{}}],"line":69},"26":{"loc":{"start":{"line":75,"column":12},"end":{"line":82,"column":13}},"type":"if","locations":[{"start":{"line":75,"column":12},"end":{"line":82,"column":13}},{"start":{"line":80,"column":17},"end":{"line":82,"column":13}}],"line":75},"27":{"loc":{"start":{"line":75,"column":16},"end":{"line":75,"column":70}},"type":"binary-expr","locations":[{"start":{"line":75,"column":16},"end":{"line":75,"column":26}},{"start":{"line":75,"column":30},"end":{"line":75,"column":70}}],"line":75},"28":{"loc":{"start":{"line":98,"column":12},"end":{"line":100,"column":13}},"type":"if","locations":[{"start":{"line":98,"column":12},"end":{"line":100,"column":13}},{"start":{},"end":{}}],"line":98},"29":{"loc":{"start":{"line":103,"column":12},"end":{"line":107,"column":13}},"type":"if","locations":[{"start":{"line":103,"column":12},"end":{"line":107,"column":13}},{"start":{},"end":{}}],"line":103},"30":{"loc":{"start":{"line":103,"column":16},"end":{"line":103,"column":48}},"type":"binary-expr","locations":[{"start":{"line":103,"column":16},"end":{"line":103,"column":26}},{"start":{"line":103,"column":30},"end":{"line":103,"column":48}}],"line":103},"31":{"loc":{"start":{"line":128,"column":12},"end":{"line":130,"column":13}},"type":"if","locations":[{"start":{"line":128,"column":12},"end":{"line":130,"column":13}},{"start":{},"end":{}}],"line":128},"32":{"loc":{"start":{"line":132,"column":12},"end":{"line":139,"column":13}},"type":"if","locations":[{"start":{"line":132,"column":12},"end":{"line":139,"column":13}},{"start":{"line":137,"column":17},"end":{"line":139,"column":13}}],"line":132},"33":{"loc":{"start":{"line":132,"column":16},"end":{"line":132,"column":128}},"type":"binary-expr","locations":[{"start":{"line":132,"column":16},"end":{"line":132,"column":26}},{"start":{"line":132,"column":30},"end":{"line":132,"column":128}}],"line":132},"34":{"loc":{"start":{"line":132,"column":32},"end":{"line":132,"column":127}},"type":"cond-expr","locations":[{"start":{"line":132,"column":79},"end":{"line":132,"column":85}},{"start":{"line":132,"column":88},"end":{"line":132,"column":127}}],"line":132},"35":{"loc":{"start":{"line":132,"column":32},"end":{"line":132,"column":76}},"type":"binary-expr","locations":[{"start":{"line":132,"column":32},"end":{"line":132,"column":51}},{"start":{"line":132,"column":55},"end":{"line":132,"column":76}}],"line":132},"36":{"loc":{"start":{"line":156,"column":12},"end":{"line":158,"column":13}},"type":"if","locations":[{"start":{"line":156,"column":12},"end":{"line":158,"column":13}},{"start":{},"end":{}}],"line":156},"37":{"loc":{"start":{"line":160,"column":32},"end":{"line":160,"column":126}},"type":"cond-expr","locations":[{"start":{"line":160,"column":79},"end":{"line":160,"column":85}},{"start":{"line":160,"column":88},"end":{"line":160,"column":126}}],"line":160},"38":{"loc":{"start":{"line":160,"column":32},"end":{"line":160,"column":76}},"type":"binary-expr","locations":[{"start":{"line":160,"column":32},"end":{"line":160,"column":51}},{"start":{"line":160,"column":55},"end":{"line":160,"column":76}}],"line":160},"39":{"loc":{"start":{"line":162,"column":12},"end":{"line":169,"column":13}},"type":"if","locations":[{"start":{"line":162,"column":12},"end":{"line":169,"column":13}},{"start":{"line":167,"column":17},"end":{"line":169,"column":13}}],"line":162},"40":{"loc":{"start":{"line":162,"column":16},"end":{"line":162,"column":61}},"type":"binary-expr","locations":[{"start":{"line":162,"column":16},"end":{"line":162,"column":26}},{"start":{"line":162,"column":30},"end":{"line":162,"column":41}},{"start":{"line":162,"column":45},"end":{"line":162,"column":61}}],"line":162}},"s":{"0":1,"1":144,"2":144,"3":144,"4":144,"5":144,"6":5,"7":144,"8":0,"9":0,"10":0,"11":1,"12":1,"13":0,"14":1,"15":1,"16":1,"17":0,"18":0,"19":0,"20":0,"21":0,"22":1,"23":1,"24":1,"25":0,"26":1,"27":1,"28":1,"29":1,"30":1,"31":144,"32":144,"33":1,"34":1,"35":1,"36":18,"37":11,"38":15,"39":14,"40":14,"41":0,"42":4,"43":4,"44":0,"45":33,"46":15,"47":1,"48":1,"49":1,"50":1,"51":1,"52":1,"53":1,"54":4,"55":4,"56":4,"57":4,"58":3,"59":1,"60":1,"61":1,"62":2,"63":2,"64":2,"65":1,"66":1,"67":1,"68":1,"69":1,"70":1,"71":1,"72":3,"73":3,"74":3,"75":2,"76":1,"77":1,"78":1,"79":1,"80":1,"81":1,"82":1,"83":2,"84":1,"85":1,"86":1,"87":1,"88":4,"89":4,"90":4,"91":4,"92":3,"93":3,"94":1,"95":2,"96":2,"97":2,"98":1,"99":1,"100":1,"101":1,"102":1,"103":1,"104":1,"105":4,"106":4,"107":4,"108":4,"109":3,"110":1,"111":2,"112":2,"113":2,"114":2,"115":2,"116":1,"117":1,"118":1,"119":1,"120":1,"121":1,"122":1,"123":1,"124":1},"f":{"0":144,"1":5,"2":0,"3":1,"4":0,"5":1,"6":1,"7":0,"8":1,"9":15,"10":18,"11":11,"12":15,"13":14,"14":4,"15":33,"16":1,"17":4,"18":4,"19":2,"20":3,"21":3,"22":1,"23":4,"24":4,"25":2,"26":4,"27":4,"28":2},"b":{"0":[1,1,1],"1":[1,0],"2":[144,0],"3":[144,0],"4":[144,144],"5":[0,144],"6":[144,0],"7":[0,0],"8":[1,1,1],"9":[1,0],"10":[1,1,1],"11":[1,0],"12":[0,0],"13":[0,1],"14":[1,1],"15":[1,0],"16":[144,0],"17":[1,1,1],"18":[7,11],"19":[15,15],"20":[15,18],"21":[15,15],"22":[1,1,1],"23":[1,0],"24":[1,1],"25":[1,2],"26":[1,1],"27":[2,2],"28":[1,1],"29":[1,0],"30":[1,1],"31":[1,2],"32":[1,1],"33":[2,2],"34":[0,2],"35":[2,2],"36":[1,2],"37":[0,2],"38":[2,2],"39":[1,1],"40":[2,2,2]},"_coverageSchema":"1a1c01bbd47fc00a2c39e90264f33305004495a9","hash":"fe860a182c4545b42cad30b98c96123219f68bbe"}
,"/home/eibhyas/Documents/ppp/TrackMyDegree/Back-End/dist/models/Degree.js": {"path":"/home/eibhyas/Documents/ppp/TrackMyDegree/Back-End/dist/models/Degree.js","statementMap":{"0":{"start":{"line":2,"column":0},"end":{"line":2,"column":62}},"1":{"start":{"line":3,"column":0},"end":{"line":3,"column":24}},"2":{"start":{"line":4,"column":19},"end":{"line":4,"column":38}},"3":{"start":{"line":5,"column":25},"end":{"line":10,"column":2}},"4":{"start":{"line":11,"column":21},"end":{"line":17,"column":2}},"5":{"start":{"line":18,"column":0},"end":{"line":18,"column":63}}},"fnMap":{},"branchMap":{},"s":{"0":1,"1":1,"2":1,"3":1,"4":1,"5":1},"f":{},"b":{},"_coverageSchema":"1a1c01bbd47fc00a2c39e90264f33305004495a9","hash":"0c8e60dcb93fb2ab226bc12f7b8ba3a706f2fe66"}
}
