TN:
SF:dist\Util\DB_Ops.js
FN:5,(anonymous_0)
FNF:1
FNH:1
FNDA:1,(anonymous_0)
DA:3,1
DA:5,1
DA:6,1
DA:7,1
DA:8,1
DA:12,1
LF:6
LH:6
BRDA:9,0,0,1
BRDA:9,0,1,1
BRF:2
BRH:2
end_of_record
TN:
SF:dist\controllers\CourseXCPController\CourseXCPController_mongoose.js
FN:11,(anonymous_0)
FN:15,(anonymous_1)
FN:18,(anonymous_2)
FN:22,(anonymous_3)
FN:24,(anonymous_4)
FN:27,(anonymous_5)
FN:28,(anonymous_6)
FN:29,(anonymous_7)
FN:36,(anonymous_8)
FN:44,(anonymous_9)
FN:45,adopt
FN:45,(anonymous_11)
FN:46,(anonymous_12)
FN:47,fulfilled
FN:48,rejected
FN:49,step
FN:53,(anonymous_16)
FN:64,createCourseXCP
FN:65,(anonymous_18)
FN:74,(anonymous_19)
FN:94,getAllCourseXCP
FN:95,(anonymous_21)
FN:101,(anonymous_22)
FN:122,updateCourseXCP
FN:123,(anonymous_24)
FN:131,(anonymous_25)
FN:151,removeDegreeXCP
FN:152,(anonymous_27)
FN:159,(anonymous_28)
FNF:29
FNH:26
FNDA:144,(anonymous_0)
FNDA:5,(anonymous_1)
FNDA:0,(anonymous_2)
FNDA:1,(anonymous_3)
FNDA:0,(anonymous_4)
FNDA:1,(anonymous_5)
FNDA:1,(anonymous_6)
FNDA:0,(anonymous_7)
FNDA:1,(anonymous_8)
FNDA:15,(anonymous_9)
FNDA:18,adopt
FNDA:11,(anonymous_11)
FNDA:15,(anonymous_12)
FNDA:14,fulfilled
FNDA:4,rejected
FNDA:33,step
FNDA:1,(anonymous_16)
FNDA:4,createCourseXCP
FNDA:4,(anonymous_18)
FNDA:2,(anonymous_19)
FNDA:3,getAllCourseXCP
FNDA:3,(anonymous_21)
FNDA:1,(anonymous_22)
FNDA:4,updateCourseXCP
FNDA:4,(anonymous_24)
FNDA:2,(anonymous_25)
FNDA:4,removeDegreeXCP
FNDA:4,(anonymous_27)
FNDA:2,(anonymous_28)
DA:11,1
DA:12,144
DA:13,144
DA:14,144
DA:15,144
DA:17,144
DA:19,0
DA:20,0
DA:22,1
DA:23,1
DA:25,0
DA:27,1
DA:28,1
DA:29,1
DA:30,0
DA:31,0
DA:32,0
DA:34,1
DA:36,1
DA:37,1
DA:38,1
DA:39,144
DA:40,1
DA:41,1
DA:44,1
DA:45,18
DA:46,15
DA:47,14
DA:48,4
DA:49,33
DA:50,15
DA:53,1
DA:54,1
DA:56,1
DA:57,1
DA:58,1
DA:59,1
DA:60,1
DA:65,4
DA:66,4
DA:67,4
DA:68,4
DA:69,3
DA:70,1
DA:71,1
DA:72,1
DA:74,2
DA:75,2
DA:76,1
DA:77,1
DA:78,1
DA:81,1
DA:85,1
DA:86,1
DA:87,1
DA:95,3
DA:96,3
DA:97,3
DA:98,2
DA:99,1
DA:101,1
DA:102,1
DA:103,1
DA:104,1
DA:105,2
DA:108,1
DA:113,1
DA:114,1
DA:115,1
DA:123,4
DA:124,4
DA:125,4
DA:126,4
DA:127,3
DA:128,3
DA:129,1
DA:131,2
DA:132,2
DA:133,1
DA:134,1
DA:135,1
DA:138,1
DA:142,1
DA:143,1
DA:144,1
DA:152,4
DA:153,4
DA:154,4
DA:155,4
DA:156,3
DA:157,1
DA:159,2
DA:160,2
DA:161,2
DA:162,2
DA:163,1
DA:164,1
DA:165,1
DA:168,1
DA:172,1
DA:173,1
DA:174,1
DA:178,1
DA:184,1
LF:104
LH:98
BRDA:11,0,0,1
BRDA:11,0,1,1
BRDA:11,0,2,1
BRDA:11,1,0,1
BRDA:11,1,1,0
BRDA:12,2,0,144
BRDA:12,2,1,0
BRDA:14,3,0,144
BRDA:14,3,1,0
BRDA:14,4,0,144
BRDA:14,4,1,144
BRDA:14,5,0,0
BRDA:14,5,1,144
BRDA:14,6,0,144
BRDA:14,6,1,0
BRDA:19,7,0,0
BRDA:19,7,1,0
BRDA:22,8,0,1
BRDA:22,8,1,1
BRDA:22,8,2,1
BRDA:22,9,0,1
BRDA:22,9,1,0
BRDA:27,10,0,1
BRDA:27,10,1,1
BRDA:27,10,2,1
BRDA:29,11,0,1
BRDA:29,11,1,0
BRDA:31,12,0,0
BRDA:31,12,1,0
BRDA:37,13,0,0
BRDA:37,13,1,1
BRDA:37,14,0,1
BRDA:37,14,1,1
BRDA:39,15,0,1
BRDA:39,15,1,0
BRDA:39,16,0,144
BRDA:39,16,1,0
BRDA:44,17,0,1
BRDA:44,17,1,1
BRDA:44,17,2,1
BRDA:45,18,0,7
BRDA:45,18,1,11
BRDA:46,19,0,15
BRDA:46,19,1,15
BRDA:49,20,0,15
BRDA:49,20,1,18
BRDA:50,21,0,15
BRDA:50,21,1,15
BRDA:53,22,0,1
BRDA:53,22,1,1
BRDA:53,22,2,1
BRDA:54,23,0,1
BRDA:54,23,1,0
BRDA:54,24,0,1
BRDA:54,24,1,1
BRDA:69,25,0,1
BRDA:69,25,1,2
BRDA:75,26,0,1
BRDA:75,26,1,1
BRDA:75,27,0,2
BRDA:75,27,1,2
BRDA:98,28,0,1
BRDA:98,28,1,1
BRDA:103,29,0,1
BRDA:103,29,1,0
BRDA:103,30,0,1
BRDA:103,30,1,1
BRDA:128,31,0,1
BRDA:128,31,1,2
BRDA:132,32,0,1
BRDA:132,32,1,1
BRDA:132,33,0,2
BRDA:132,33,1,2
BRDA:132,34,0,0
BRDA:132,34,1,2
BRDA:132,35,0,2
BRDA:132,35,1,2
BRDA:156,36,0,1
BRDA:156,36,1,2
BRDA:160,37,0,0
BRDA:160,37,1,2
BRDA:160,38,0,2
BRDA:160,38,1,2
BRDA:162,39,0,1
BRDA:162,39,1,1
BRDA:162,40,0,2
BRDA:162,40,1,2
BRDA:162,40,2,2
BRF:88
BRH:70
end_of_record
TN:
SF:dist\models\Degree.js
FNF:0
FNH:0
DA:2,1
DA:3,1
DA:4,1
DA:5,1
DA:11,1
DA:18,1
LF:6
LH:6
BRF:0
BRH:0
end_of_record
