TN:
SF:Back-End/controllers/courseController/courseController_mongo.ts
FN:36,(anonymous_7)
FN:39,(anonymous_9)
FN:49,(anonymous_10)
FN:68,(anonymous_12)
FN:89,(anonymous_14)
FN:108,(anonymous_16)
FN:126,(anonymous_18)
FN:131,(anonymous_20)
FNF:8
FNH:8
FNDA:1,(anonymous_7)
FNDA:2,(anonymous_9)
FNDA:2,(anonymous_10)
FNDA:4,(anonymous_12)
FNDA:1,(anonymous_14)
FNDA:2,(anonymous_16)
FNDA:1,(anonymous_18)
FNDA:2,(anonymous_20)
DA:2,1
DA:11,1
DA:17,1
DA:26,1
DA:32,1
DA:37,1
DA:38,1
DA:39,2
DA:40,1
DA:42,0
DA:50,2
DA:51,2
DA:52,2
DA:54,2
DA:55,1
DA:58,1
DA:59,1
DA:61,0
DA:69,4
DA:70,4
DA:72,4
DA:73,4
DA:74,1
DA:77,3
DA:78,3
DA:80,3
DA:82,0
DA:90,1
DA:91,1
DA:92,1
DA:94,1
DA:95,1
DA:96,0
DA:99,1
DA:101,0
DA:109,2
DA:110,2
DA:112,2
DA:113,2
DA:114,1
DA:117,1
DA:119,0
DA:127,1
DA:128,1
DA:129,1
DA:131,2
DA:132,1
DA:134,0
LF:48
LH:41
BRDA:54,0,0,1
BRDA:54,0,1,1
BRDA:73,1,0,1
BRDA:73,1,1,3
BRDA:95,2,0,0
BRDA:95,2,1,1
BRDA:113,3,0,1
BRDA:113,3,1,1
BRF:8
BRH:7
end_of_record
